2025-05-05 22:23:55 - INFO - Бот запускается...
2025-05-05 22:23:55 - INFO - Запуск бота...
2025-05-05 22:23:55 - INFO - Start polling
2025-05-05 22:23:55 - INFO - Run polling for bot @another_super_lazy_bot id=8033565164 - 'super_lazy_bit'
2025-05-05 22:24:12 - INFO - Команда /start от пользователя 641377591
2025-05-05 22:24:12 - INFO - Update id=525627401 is handled. Duration 453 ms by bot id=8033565164
2025-05-05 22:24:15 - INFO - Команда /add от пользователя 641377591
2025-05-05 22:24:15 - INFO - Update id=525627402 is handled. Duration 125 ms by bot id=8033565164
2025-05-05 22:24:23 - ERROR - Failed to fetch updates - TelegramNetworkError: HTTP Client says - ServerDisconnectedError: Server disconnected
2025-05-05 22:24:23 - WARNING - Sleep for 1.000000 seconds and try again... (tryings = 0, bot id = 8033565164)
2025-05-05 22:24:24 - INFO - Connection established (tryings = 1, bot id = 8033565164)
2025-05-05 22:24:24 - INFO - Пользователь 641377591 добавил задачу: tyt opaty zadacaha!
2025-05-05 22:24:25 - INFO - Update id=525627403 is handled. Duration 1156 ms by bot id=8033565164
2025-05-05 22:24:29 - INFO - Пользователь 641377591 запросил случайную задачу: и это тоже задача!
2025-05-05 22:24:29 - INFO - Update id=525627404 is handled. Duration 203 ms by bot id=8033565164
2025-05-05 22:24:33 - INFO - Команда /add от пользователя 641377591
2025-05-05 22:24:33 - INFO - Update id=525627405 is handled. Duration 108 ms by bot id=8033565164
2025-05-05 22:24:36 - INFO - Пользователь 641377591 добавил задачу: kkkkkkkkkkkk
2025-05-05 22:24:36 - INFO - Update id=525627406 is handled. Duration 139 ms by bot id=8033565164
2025-05-05 22:24:42 - INFO - Polling stopped
2025-05-05 22:24:42 - INFO - Polling stopped for bot @another_super_lazy_bot id=8033565164 - 'super_lazy_bit'
2025-05-05 22:32:01 - INFO - Бот запускается...
2025-05-05 22:32:01 - INFO - Запуск бота...
2025-05-05 22:32:01 - INFO - Start polling
2025-05-05 22:32:03 - INFO - Run polling for bot @another_super_lazy_bot id=8033565164 - 'super_lazy_bit'
2025-05-05 22:32:22 - INFO - Команда /start от пользователя @manti_coras
2025-05-05 22:32:23 - INFO - Update id=525627407 is handled. Duration 578 ms by bot id=8033565164
2025-05-05 22:32:25 - INFO - Команда /add от пользователя @manti_coras
2025-05-05 22:32:25 - INFO - Update id=525627408 is handled. Duration 125 ms by bot id=8033565164
2025-05-05 22:32:30 - INFO - Пользователь @manti_coras добавил задачу: tyt novaya zadacha
2025-05-05 22:32:31 - INFO - Update id=525627409 is handled. Duration 139 ms by bot id=8033565164
2025-05-05 22:32:33 - INFO - Команда /add от пользователя @manti_coras
2025-05-05 22:32:33 - INFO - Update id=525627410 is handled. Duration 156 ms by bot id=8033565164
2025-05-05 22:32:39 - INFO - Пользователь @manti_coras добавил задачу: 11122223333444555555
2025-05-05 22:32:39 - INFO - Update id=525627411 is handled. Duration 139 ms by bot id=8033565164
2025-05-05 22:32:42 - INFO - Пользователь @manti_coras запросил случайную задачу: 11122223333444555555
2025-05-05 22:32:43 - INFO - Update id=525627412 is handled. Duration 139 ms by bot id=8033565164
2025-05-05 22:32:46 - INFO - Пользователь @manti_coras запросил случайную задачу: eshe
2025-05-05 22:32:46 - INFO - Update id=525627413 is handled. Duration 139 ms by bot id=8033565164
2025-05-05 22:32:48 - INFO - Пользователь @manti_coras запросил случайную задачу: tyt opaty zadacaha!
2025-05-05 22:32:48 - INFO - Update id=525627414 is handled. Duration 139 ms by bot id=8033565164
2025-05-05 22:32:51 - INFO - Команда /add от пользователя @manti_coras
2025-05-05 22:32:51 - INFO - Update id=525627415 is handled. Duration 171 ms by bot id=8033565164
2025-05-05 22:32:55 - INFO - Пользователь @manti_coras добавил задачу: sssssssssss
2025-05-05 22:32:55 - INFO - Update id=525627416 is handled. Duration 156 ms by bot id=8033565164
2025-05-05 22:32:57 - INFO - Пользователь @manti_coras запросил случайную задачу: и это тоже задача!
2025-05-05 22:32:57 - INFO - Update id=525627417 is handled. Duration 188 ms by bot id=8033565164
2025-05-05 22:33:00 - INFO - Polling stopped
2025-05-05 22:33:01 - INFO - Polling stopped for bot @another_super_lazy_bot id=8033565164 - 'super_lazy_bit'
2025-05-05 22:34:31 - INFO - Бот запускается...
2025-05-05 22:34:31 - INFO - Запуск бота...
2025-05-05 22:34:31 - INFO - Start polling
2025-05-05 22:34:32 - INFO - Run polling for bot @another_super_lazy_bot id=8033565164 - 'super_lazy_bit'
2025-05-05 22:35:16 - INFO - Update id=525627418 is not handled. Duration 0 ms by bot id=8033565164
2025-05-05 22:35:21 - ERROR - Failed to fetch updates - TelegramNetworkError: HTTP Client says - ServerDisconnectedError: Server disconnected
2025-05-05 22:35:21 - WARNING - Sleep for 1.000000 seconds and try again... (tryings = 0, bot id = 8033565164)
2025-05-05 22:35:23 - INFO - Connection established (tryings = 1, bot id = 8033565164)
2025-05-05 22:35:23 - INFO - Команда /add от пользователя @dowaaaa799
2025-05-05 22:35:24 - INFO - Update id=525627419 is handled. Duration 514 ms by bot id=8033565164
2025-05-05 22:35:28 - INFO - Пользователь @dowaaaa799 добавил задачу: Приготовить еды
2025-05-05 22:35:29 - INFO - Update id=525627420 is handled. Duration 125 ms by bot id=8033565164
2025-05-05 22:35:36 - INFO - Команда /add от пользователя @dowaaaa799
2025-05-05 22:35:36 - INFO - Update id=525627421 is handled. Duration 219 ms by bot id=8033565164
2025-05-05 22:35:43 - INFO - Пользователь @dowaaaa799 добавил задачу: Записаться к врачу
2025-05-05 22:35:43 - INFO - Update id=525627422 is handled. Duration 125 ms by bot id=8033565164
2025-05-05 22:35:48 - INFO - Команда /add от пользователя @dowaaaa799
2025-05-05 22:35:49 - INFO - Update id=525627423 is handled. Duration 171 ms by bot id=8033565164
2025-05-05 22:35:59 - INFO - Пользователь @dowaaaa799 добавил задачу: Взять билеты
2025-05-05 22:35:59 - INFO - Update id=525627424 is handled. Duration 500 ms by bot id=8033565164
2025-05-05 22:36:04 - INFO - Пользователь @dowaaaa799 запросил случайную задачу: 11122223333444555555
2025-05-05 22:36:04 - INFO - Update id=525627425 is handled. Duration 139 ms by bot id=8033565164
2025-05-05 22:36:15 - INFO - Пользователь @dowaaaa799 запросил случайную задачу: Уволиться
2025-05-05 22:36:15 - INFO - Update id=525627426 is handled. Duration 108 ms by bot id=8033565164
2025-05-05 22:36:21 - ERROR - Failed to fetch updates - TelegramNetworkError: HTTP Client says - ServerDisconnectedError: Server disconnected
2025-05-05 22:36:21 - WARNING - Sleep for 1.000000 seconds and try again... (tryings = 0, bot id = 8033565164)
2025-05-05 22:36:26 - INFO - Connection established (tryings = 1, bot id = 8033565164)
2025-05-05 22:36:26 - INFO - Пользователь @dowaaaa799 запросил случайную задачу: eeeeeeee
2025-05-05 22:36:27 - INFO - Update id=525627427 is handled. Duration 561 ms by bot id=8033565164
2025-05-05 22:36:32 - INFO - Пользователь @dowaaaa799 запросил случайную задачу: tyt opaty zadacaha!
2025-05-05 22:36:32 - INFO - Update id=525627428 is handled. Duration 125 ms by bot id=8033565164
2025-05-05 22:38:24 - INFO - Polling stopped
2025-05-05 22:38:25 - INFO - Polling stopped for bot @another_super_lazy_bot id=8033565164 - 'super_lazy_bit'
